TN:
SF:app.js
FN:45,(anonymous_0)
FNF:1
FNH:0
FNDA:0,(anonymous_0)
DA:2,1
DA:3,1
DA:4,1
DA:5,1
DA:6,1
DA:8,1
DA:10,1
DA:12,1
DA:13,1
DA:18,1
DA:31,1
DA:32,1
DA:36,1
DA:37,1
DA:38,1
DA:43,1
DA:45,1
DA:46,0
DA:50,1
LF:19
LH:18
BRDA:13,0,0,1
BRDA:13,0,1,0
BRF:2
BRH:1
end_of_record
TN:
SF:controllers\application.js
FN:15,(anonymous_0)
FN:37,(anonymous_1)
FN:46,(anonymous_2)
FN:54,(anonymous_3)
FN:79,(anonymous_4)
FN:82,(anonymous_5)
FN:90,(anonymous_6)
FN:101,(anonymous_7)
FN:107,(anonymous_8)
FN:113,(anonymous_9)
FN:117,(anonymous_10)
FN:125,(anonymous_11)
FN:144,(anonymous_12)
FN:150,(anonymous_13)
FN:159,(anonymous_14)
FN:161,(anonymous_15)
FN:170,(anonymous_16)
FN:176,(anonymous_17)
FNF:18
FNH:4
FNDA:1,(anonymous_0)
FNDA:1,(anonymous_1)
FNDA:0,(anonymous_2)
FNDA:1,(anonymous_3)
FNDA:1,(anonymous_4)
FNDA:0,(anonymous_5)
FNDA:0,(anonymous_6)
FNDA:0,(anonymous_7)
FNDA:0,(anonymous_8)
FNDA:0,(anonymous_9)
FNDA:0,(anonymous_10)
FNDA:0,(anonymous_11)
FNDA:0,(anonymous_12)
FNDA:0,(anonymous_13)
FNDA:0,(anonymous_14)
FNDA:0,(anonymous_15)
FNDA:0,(anonymous_16)
FNDA:0,(anonymous_17)
DA:2,1
DA:4,1
DA:5,1
DA:6,1
DA:7,1
DA:9,1
DA:11,1
DA:15,1
DA:16,1
DA:17,1
DA:18,1
DA:19,1
DA:20,0
DA:22,1
DA:23,1
DA:24,1
DA:26,1
DA:27,1
DA:28,1
DA:30,0
DA:31,0
DA:32,0
DA:34,1
DA:35,1
DA:36,1
DA:38,1
DA:39,1
DA:47,0
DA:54,1
DA:55,1
DA:56,1
DA:57,1
DA:58,1
DA:80,1
DA:83,0
DA:90,1
DA:91,0
DA:92,0
DA:93,0
DA:102,0
DA:103,0
DA:108,0
DA:109,0
DA:110,0
DA:111,0
DA:114,0
DA:115,0
DA:118,0
DA:125,1
DA:127,0
DA:128,0
DA:130,0
DA:131,0
DA:132,0
DA:134,0
DA:135,0
DA:136,0
DA:138,0
DA:139,0
DA:141,0
DA:143,0
DA:145,0
DA:146,0
DA:147,0
DA:148,0
DA:151,0
DA:152,0
DA:156,0
DA:157,0
DA:160,0
DA:161,0
DA:162,0
DA:163,0
DA:164,0
DA:165,0
DA:168,0
DA:171,0
DA:177,0
LF:78
LH:31
BRDA:19,0,0,0
BRDA:19,0,1,1
BRDA:22,1,0,0
BRDA:22,1,1,1
BRDA:26,2,0,1
BRDA:26,2,1,0
BRDA:34,3,0,1
BRDA:34,3,1,0
BRDA:69,4,0,1
BRDA:69,4,1,0
BRDA:72,5,0,1
BRDA:72,5,1,0
BRDA:75,6,0,1
BRDA:75,6,1,0
BRDA:109,7,0,0
BRDA:109,7,1,0
BRDA:128,8,0,0
BRDA:128,8,1,0
BRDA:128,8,2,0
BRDA:128,8,3,0
BRDA:146,9,0,0
BRDA:146,9,1,0
BRDA:146,10,0,0
BRDA:146,10,1,0
BRDA:147,11,0,0
BRDA:147,11,1,0
BRDA:151,12,0,0
BRDA:151,12,1,0
BRDA:160,13,0,0
BRDA:160,13,1,0
BRF:30
BRH:7
end_of_record
TN:
SF:models\application.js
FN:40,(anonymous_0)
FNF:1
FNH:1
FNDA:1,(anonymous_0)
DA:1,1
DA:2,1
DA:5,1
DA:40,1
DA:41,1
DA:61,1
LF:6
LH:6
BRDA:50,0,0,0
BRDA:50,0,1,1
BRF:2
BRH:1
end_of_record
TN:
SF:models\customer.js
FNF:0
FNH:0
DA:1,1
DA:2,1
DA:4,1
DA:44,1
LF:4
LH:4
BRF:0
BRH:0
end_of_record
TN:
SF:models\spouse.js
FNF:0
FNH:0
DA:1,1
DA:2,1
DA:4,1
DA:25,1
LF:4
LH:4
BRF:0
BRH:0
end_of_record
TN:
SF:routes\application.js
FNF:0
FNH:0
DA:2,1
DA:4,1
DA:6,1
DA:8,1
DA:10,1
DA:28,1
DA:61,1
DA:87,1
DA:116,1
DA:124,1
LF:10
LH:10
BRF:0
BRH:0
end_of_record
TN:
SF:test\data.js
FNF:0
FNH:0
DA:1,1
LF:1
LH:1
BRF:0
BRH:0
end_of_record
TN:
SF:util\associations.js
FN:6,(anonymous_0)
FNF:1
FNH:1
FNDA:1,(anonymous_0)
DA:1,1
DA:2,1
DA:3,1
DA:4,1
DA:6,1
DA:7,1
DA:8,1
DA:9,1
DA:10,1
DA:11,1
DA:14,1
LF:11
LH:11
BRF:0
BRH:0
end_of_record
TN:
SF:validation\application.js
FN:17,(anonymous_0)
FN:27,(anonymous_1)
FN:47,(anonymous_2)
FN:160,(anonymous_3)
FN:176,(anonymous_4)
FN:181,(anonymous_5)
FN:185,(anonymous_6)
FN:189,(anonymous_7)
FN:194,(anonymous_8)
FN:199,(anonymous_9)
FN:204,(anonymous_10)
FN:209,(anonymous_11)
FN:214,(anonymous_12)
FN:219,(anonymous_13)
FN:245,(anonymous_14)
FN:276,(anonymous_15)
FNF:16
FNH:15
FNDA:1,(anonymous_0)
FNDA:1,(anonymous_1)
FNDA:0,(anonymous_2)
FNDA:10,(anonymous_3)
FNDA:1,(anonymous_4)
FNDA:1,(anonymous_5)
FNDA:1,(anonymous_6)
FNDA:1,(anonymous_7)
FNDA:1,(anonymous_8)
FNDA:1,(anonymous_9)
FNDA:1,(anonymous_10)
FNDA:1,(anonymous_11)
FNDA:1,(anonymous_12)
FNDA:1,(anonymous_13)
FNDA:1,(anonymous_14)
FNDA:1,(anonymous_15)
DA:1,1
DA:2,1
DA:3,1
DA:5,1
DA:6,1
DA:7,1
DA:8,1
DA:9,1
DA:10,1
DA:12,1
DA:18,1
DA:28,1
DA:30,1
DA:31,0
DA:37,1
DA:39,0
DA:40,0
DA:47,0
DA:48,0
DA:49,0
DA:57,0
DA:58,0
DA:64,0
DA:65,0
DA:73,1
DA:78,1
DA:92,1
DA:160,1
DA:161,10
DA:162,0
DA:168,10
DA:171,1
DA:176,1
DA:181,1
DA:185,1
DA:189,1
DA:194,1
DA:199,1
DA:204,1
DA:209,1
DA:214,1
DA:219,1
DA:222,1
DA:245,1
DA:246,1
DA:247,0
DA:248,1
DA:253,1
DA:277,1
DA:278,1
DA:279,1
DA:280,1
DA:281,1
DA:282,1
DA:283,1
DA:288,1
DA:298,1
LF:57
LH:45
BRDA:30,0,0,0
BRDA:30,0,1,1
BRDA:30,1,0,1
BRDA:30,1,1,1
BRDA:37,2,0,0
BRDA:37,2,1,1
BRDA:39,3,0,0
BRDA:39,3,1,0
BRDA:47,4,0,0
BRDA:47,4,1,0
BRDA:47,5,0,0
BRDA:47,5,1,0
BRDA:47,5,2,0
BRDA:48,6,0,0
BRDA:48,6,1,0
BRDA:57,7,0,0
BRDA:57,7,1,0
BRDA:64,8,0,0
BRDA:64,8,1,0
BRDA:161,9,0,0
BRDA:161,9,1,10
BRDA:161,10,0,10
BRDA:161,10,1,10
BRDA:246,11,0,0
BRDA:246,11,1,1
BRDA:278,12,0,1
BRDA:278,12,1,1
BRDA:279,13,0,1
BRDA:279,13,1,1
BRDA:280,14,0,1
BRDA:280,14,1,1
BRDA:281,15,0,1
BRDA:281,15,1,1
BRDA:282,16,0,1
BRDA:282,16,1,1
BRF:35
BRH:18
end_of_record
